<?xml version="1.0" encoding="UTF-8"?>
<coverage generated="1481730208">
  <project timestamp="1481730208">
    <package name="Iform\Resources\Base">
      <file name="/Applications/MAMP/htdocs/ResourceFrameworkInternal/Iform/Resources/Base/BaseCollection.php">
        <class name="BaseCollection" namespace="Iform\Resources\Base">
          <metrics methods="5" coveredmethods="3" conditionals="0" coveredconditionals="0" statements="8" coveredstatements="5" elements="13" coveredelements="8"/>
        </class>
        <line num="12" type="method" name="getTotalDataCount" crap="1" count="17"/>
        <line num="14" type="stmt" count="17"/>
        <line num="15" type="stmt" count="17"/>
        <line num="17" type="stmt" count="17"/>
        <line num="26" type="method" name="decode" crap="1" count="19"/>
        <line num="28" type="stmt" count="19"/>
        <line num="36" type="method" name="encode" crap="1" count="13"/>
        <line num="38" type="stmt" count="13"/>
        <line num="50" type="method" name="figureLimit" crap="6" count="0"/>
        <line num="52" type="stmt" count="0"/>
        <line num="54" type="stmt" count="0"/>
        <line num="64" type="method" name="notEmpty" crap="20" count="0"/>
        <line num="66" type="stmt" count="0"/>
        <metrics loc="67" ncloc="33" classes="1" methods="5" coveredmethods="3" conditionals="0" coveredconditionals="0" statements="8" coveredstatements="5" elements="13" coveredelements="8"/>
      </file>
      <file name="/Applications/MAMP/htdocs/ResourceFrameworkInternal/Iform/Resources/Base/BaseParameter.php">
        <class name="BaseParameter" namespace="Iform\Resources\Base">
          <metrics methods="7" coveredmethods="7" conditionals="0" coveredconditionals="0" statements="120" coveredstatements="120" elements="127" coveredelements="127"/>
        </class>
        <line num="5" type="method" name="page" crap="2" count="3"/>
        <line num="8" type="stmt" count="3"/>
        <line num="9" type="stmt" count="3"/>
        <line num="10" type="stmt" count="3"/>
        <line num="11" type="stmt" count="3"/>
        <line num="12" type="stmt" count="3"/>
        <line num="13" type="stmt" count="3"/>
        <line num="14" type="stmt" count="3"/>
        <line num="15" type="stmt" count="3"/>
        <line num="16" type="stmt" count="3"/>
        <line num="17" type="stmt" count="3"/>
        <line num="18" type="stmt" count="3"/>
        <line num="19" type="stmt" count="3"/>
        <line num="20" type="stmt" count="3"/>
        <line num="21" type="stmt" count="3"/>
        <line num="22" type="stmt" count="3"/>
        <line num="23" type="stmt" count="3"/>
        <line num="24" type="stmt" count="3"/>
        <line num="25" type="stmt" count="3"/>
        <line num="26" type="stmt" count="3"/>
        <line num="27" type="stmt" count="3"/>
        <line num="28" type="stmt" count="3"/>
        <line num="29" type="stmt" count="3"/>
        <line num="31" type="stmt" count="3"/>
        <line num="33" type="stmt" count="3"/>
        <line num="36" type="method" name="element" crap="2" count="2"/>
        <line num="39" type="stmt" count="2"/>
        <line num="40" type="stmt" count="2"/>
        <line num="41" type="stmt" count="2"/>
        <line num="42" type="stmt" count="2"/>
        <line num="43" type="stmt" count="2"/>
        <line num="44" type="stmt" count="2"/>
        <line num="45" type="stmt" count="2"/>
        <line num="46" type="stmt" count="2"/>
        <line num="47" type="stmt" count="2"/>
        <line num="48" type="stmt" count="2"/>
        <line num="49" type="stmt" count="2"/>
        <line num="50" type="stmt" count="2"/>
        <line num="51" type="stmt" count="2"/>
        <line num="52" type="stmt" count="2"/>
        <line num="53" type="stmt" count="2"/>
        <line num="54" type="stmt" count="2"/>
        <line num="55" type="stmt" count="2"/>
        <line num="56" type="stmt" count="2"/>
        <line num="57" type="stmt" count="2"/>
        <line num="58" type="stmt" count="2"/>
        <line num="59" type="stmt" count="2"/>
        <line num="60" type="stmt" count="2"/>
        <line num="61" type="stmt" count="2"/>
        <line num="62" type="stmt" count="2"/>
        <line num="63" type="stmt" count="2"/>
        <line num="64" type="stmt" count="2"/>
        <line num="65" type="stmt" count="2"/>
        <line num="66" type="stmt" count="2"/>
        <line num="67" type="stmt" count="2"/>
        <line num="68" type="stmt" count="2"/>
        <line num="69" type="stmt" count="2"/>
        <line num="70" type="stmt" count="2"/>
        <line num="71" type="stmt" count="2"/>
        <line num="72" type="stmt" count="2"/>
        <line num="73" type="stmt" count="2"/>
        <line num="74" type="stmt" count="2"/>
        <line num="75" type="stmt" count="2"/>
        <line num="76" type="stmt" count="2"/>
        <line num="77" type="stmt" count="2"/>
        <line num="79" type="stmt" count="2"/>
        <line num="81" type="stmt" count="2"/>
        <line num="83" type="stmt" count="2"/>
        <line num="86" type="method" name="user" crap="1" count="1"/>
        <line num="89" type="stmt" count="1"/>
        <line num="90" type="stmt" count="1"/>
        <line num="91" type="stmt" count="1"/>
        <line num="92" type="stmt" count="1"/>
        <line num="93" type="stmt" count="1"/>
        <line num="94" type="stmt" count="1"/>
        <line num="95" type="stmt" count="1"/>
        <line num="96" type="stmt" count="1"/>
        <line num="98" type="stmt" count="1"/>
        <line num="101" type="method" name="profile" crap="1" count="1"/>
        <line num="104" type="stmt" count="1"/>
        <line num="105" type="stmt" count="1"/>
        <line num="106" type="stmt" count="1"/>
        <line num="107" type="stmt" count="1"/>
        <line num="108" type="stmt" count="1"/>
        <line num="109" type="stmt" count="1"/>
        <line num="110" type="stmt" count="1"/>
        <line num="111" type="stmt" count="1"/>
        <line num="112" type="stmt" count="1"/>
        <line num="113" type="stmt" count="1"/>
        <line num="114" type="stmt" count="1"/>
        <line num="115" type="stmt" count="1"/>
        <line num="116" type="stmt" count="1"/>
        <line num="117" type="stmt" count="1"/>
        <line num="118" type="stmt" count="1"/>
        <line num="119" type="stmt" count="1"/>
        <line num="120" type="stmt" count="1"/>
        <line num="121" type="stmt" count="1"/>
        <line num="122" type="stmt" count="1"/>
        <line num="124" type="stmt" count="1"/>
        <line num="128" type="method" name="userGroup" crap="1" count="1"/>
        <line num="131" type="stmt" count="1"/>
        <line num="132" type="stmt" count="1"/>
        <line num="133" type="stmt" count="1"/>
        <line num="134" type="stmt" count="1"/>
        <line num="135" type="stmt" count="1"/>
        <line num="137" type="stmt" count="1"/>
        <line num="140" type="method" name="option" crap="2" count="2"/>
        <line num="143" type="stmt" count="2"/>
        <line num="144" type="stmt" count="2"/>
        <line num="145" type="stmt" count="2"/>
        <line num="146" type="stmt" count="2"/>
        <line num="147" type="stmt" count="2"/>
        <line num="148" type="stmt" count="2"/>
        <line num="150" type="stmt" count="2"/>
        <line num="152" type="stmt" count="2"/>
        <line num="154" type="stmt" count="2"/>
        <line num="157" type="method" name="optionList" crap="1" count="1"/>
        <line num="160" type="stmt" count="1"/>
        <line num="161" type="stmt" count="1"/>
        <line num="162" type="stmt" count="1"/>
        <line num="163" type="stmt" count="1"/>
        <line num="164" type="stmt" count="1"/>
        <line num="165" type="stmt" count="1"/>
        <line num="166" type="stmt" count="1"/>
        <line num="167" type="stmt" count="1"/>
        <line num="168" type="stmt" count="1"/>
        <line num="170" type="stmt" count="1"/>
        <metrics loc="171" ncloc="171" classes="1" methods="7" coveredmethods="7" conditionals="0" coveredconditionals="0" statements="120" coveredstatements="120" elements="127" coveredelements="127"/>
      </file>
      <file name="/Applications/MAMP/htdocs/ResourceFrameworkInternal/Iform/Resources/Base/BaseResource.php">
        <class name="BaseResource" namespace="Iform\Resources\Base" fullPackage="Iform" package="Iform">
          <metrics methods="19" coveredmethods="16" conditionals="0" coveredconditionals="0" statements="53" coveredstatements="45" elements="72" coveredelements="61"/>
        </class>
        <line num="66" type="method" name="first" crap="1" count="4"/>
        <line num="68" type="stmt" count="4"/>
        <line num="70" type="stmt" count="4"/>
        <line num="73" type="method" name="last" crap="1" count="1"/>
        <line num="75" type="stmt" count="1"/>
        <line num="76" type="stmt" count="1"/>
        <line num="78" type="stmt" count="1"/>
        <line num="81" type="method" name="next" crap="1" count="1"/>
        <line num="83" type="stmt" count="1"/>
        <line num="84" type="stmt" count="1"/>
        <line num="86" type="stmt" count="1"/>
        <line num="89" type="method" name="where" crap="1" count="5"/>
        <line num="91" type="stmt" count="5"/>
        <line num="93" type="stmt" count="5"/>
        <line num="96" type="method" name="create" crap="1" count="15"/>
        <line num="98" type="stmt" count="15"/>
        <line num="101" type="method" name="update" crap="1" count="12"/>
        <line num="103" type="stmt" count="12"/>
        <line num="106" type="method" name="delete" crap="1" count="14"/>
        <line num="108" type="stmt" count="14"/>
        <line num="111" type="method" name="fetch" crap="1" count="14"/>
        <line num="113" type="stmt" count="14"/>
        <line num="116" type="method" name="copy" crap="1" count="10"/>
        <line num="118" type="stmt" count="10"/>
        <line num="121" type="method" name="fetchAll" crap="4.07" count="18"/>
        <line num="123" type="stmt" count="18"/>
        <line num="125" type="stmt" count="18"/>
        <line num="126" type="stmt" count="4"/>
        <line num="127" type="stmt" count="18"/>
        <line num="128" type="stmt" count="0"/>
        <line num="129" type="stmt" count="0"/>
        <line num="130" type="stmt" count="14"/>
        <line num="131" type="stmt" count="1"/>
        <line num="132" type="stmt" count="1"/>
        <line num="133" type="stmt" count="1"/>
        <line num="134" type="stmt" count="13"/>
        <line num="137" type="stmt" count="17"/>
        <line num="140" type="method" name="hasFilterGrammar" crap="4" count="15"/>
        <line num="142" type="stmt" count="15"/>
        <line num="143" type="stmt" count="2"/>
        <line num="144" type="stmt" count="1"/>
        <line num="146" type="stmt" count="1"/>
        <line num="148" type="stmt" count="13"/>
        <line num="150" type="method" name="isFiltered" crap="3" count="18"/>
        <line num="152" type="stmt" count="18"/>
        <line num="163" type="method" name="setUser" crap="1" count="121"/>
        <line num="165" type="stmt" count="121"/>
        <line num="166" type="stmt" count="121"/>
        <line num="167" type="stmt" count="121"/>
        <line num="168" type="stmt" count="121"/>
        <line num="175" type="method" name="collectionUrl" crap="2" count="32"/>
        <line num="177" type="stmt" count="32"/>
        <line num="187" type="method" name="getSingleUrl" crap="3" count="59"/>
        <line num="189" type="stmt" count="59"/>
        <line num="190" type="stmt" count="59"/>
        <line num="191" type="stmt" count="59"/>
        <line num="192" type="stmt" count="6"/>
        <line num="195" type="stmt" count="59"/>
        <line num="203" type="method" name="getResponseBodyCount" crap="2" count="0"/>
        <line num="205" type="stmt" count="0"/>
        <line num="208" type="method" name="withAllFields" crap="6" count="0"/>
        <line num="210" type="stmt" count="0"/>
        <line num="212" type="stmt" count="0"/>
        <line num="213" type="stmt" count="0"/>
        <line num="214" type="stmt" count="0"/>
        <line num="216" type="stmt" count="0"/>
        <line num="219" type="method" name="getFormattedBatchParams" crap="3" count="6"/>
        <line num="221" type="stmt" count="6"/>
        <line num="222" type="stmt" count="6"/>
        <line num="224" type="stmt" count="6"/>
        <line num="234" type="method" name="inEndpoint" crap="1" count="6"/>
        <line num="236" type="stmt" count="6"/>
        <metrics loc="265" ncloc="171" classes="1" methods="19" coveredmethods="16" conditionals="0" coveredconditionals="0" statements="53" coveredstatements="45" elements="72" coveredelements="61"/>
      </file>
      <file name="/Applications/MAMP/htdocs/ResourceFrameworkInternal/Iform/Resources/Base/BatchValidator.php">
        <class name="BatchValidator" namespace="Iform\Resources\Base">
          <metrics methods="8" coveredmethods="8" conditionals="0" coveredconditionals="0" statements="48" coveredstatements="48" elements="56" coveredelements="56"/>
        </class>
        <line num="13" type="method" name="combine" crap="2" count="18"/>
        <line num="15" type="stmt" count="18"/>
        <line num="17" type="stmt" count="6"/>
        <line num="26" type="method" name="formatBatch" crap="3" count="14"/>
        <line num="28" type="stmt" count="14"/>
        <line num="29" type="stmt" count="13"/>
        <line num="30" type="stmt" count="12"/>
        <line num="31" type="stmt" count="1"/>
        <line num="34" type="stmt" count="13"/>
        <line num="37" type="method" name="combineWithGrammarFields" crap="9" count="5"/>
        <line num="39" type="stmt" count="5"/>
        <line num="40" type="stmt" count="3"/>
        <line num="42" type="stmt" count="3"/>
        <line num="43" type="stmt" count="3"/>
        <line num="44" type="stmt" count="3"/>
        <line num="45" type="stmt" count="3"/>
        <line num="46" type="stmt" count="3"/>
        <line num="47" type="stmt" count="3"/>
        <line num="48" type="stmt" count="3"/>
        <line num="49" type="stmt" count="3"/>
        <line num="51" type="stmt" count="1"/>
        <line num="52" type="stmt" count="1"/>
        <line num="53" type="stmt" count="1"/>
        <line num="54" type="stmt" count="1"/>
        <line num="57" type="stmt" count="3"/>
        <line num="58" type="stmt" count="3"/>
        <line num="60" type="stmt" count="3"/>
        <line num="61" type="stmt" count="1"/>
        <line num="66" type="stmt" count="3"/>
        <line num="67" type="stmt" count="3"/>
        <line num="68" type="stmt" count="3"/>
        <line num="69" type="stmt" count="3"/>
        <line num="70" type="stmt" count="3"/>
        <line num="71" type="stmt" count="3"/>
        <line num="72" type="stmt" count="3"/>
        <line num="73" type="stmt" count="3"/>
        <line num="74" type="stmt" count="2"/>
        <line num="75" type="stmt" count="2"/>
        <line num="76" type="stmt" count="2"/>
        <line num="77" type="stmt" count="2"/>
        <line num="79" type="stmt" count="5"/>
        <line num="81" type="method" name="isSearchCondition" crap="1" count="3"/>
        <line num="83" type="stmt" count="3"/>
        <line num="86" type="method" name="findFieldName" crap="2" count="5"/>
        <line num="88" type="stmt" count="5"/>
        <line num="89" type="stmt" count="5"/>
        <line num="91" type="stmt" count="5"/>
        <line num="94" type="method" name="getFieldNameIndex" crap="1" count="5"/>
        <line num="96" type="stmt" count="5"/>
        <line num="99" type="method" name="replaceFieldWithGrammar" crap="2" count="5"/>
        <line num="101" type="stmt" count="5"/>
        <line num="102" type="stmt" count="1"/>
        <line num="105" type="stmt" count="5"/>
        <line num="106" type="stmt" count="5"/>
        <line num="108" type="method" name="formatUrlWithHttpParams" crap="2" count="4"/>
        <line num="110" type="stmt" count="4"/>
        <metrics loc="112" ncloc="96" classes="1" methods="8" coveredmethods="8" conditionals="0" coveredconditionals="0" statements="48" coveredstatements="48" elements="56" coveredelements="56"/>
      </file>
      <file name="/Applications/MAMP/htdocs/ResourceFrameworkInternal/Iform/Resources/Base/FullCollection.php">
        <class name="FullCollection" namespace="Iform\Resources\Base">
          <metrics methods="7" coveredmethods="6" conditionals="0" coveredconditionals="0" statements="45" coveredstatements="42" elements="52" coveredelements="48"/>
        </class>
        <line num="36" type="method" name="fetchCollection" crap="4" count="15"/>
        <line num="38" type="stmt" count="15"/>
        <line num="39" type="stmt" count="15"/>
        <line num="41" type="stmt" count="13"/>
        <line num="42" type="stmt" count="13"/>
        <line num="43" type="stmt" count="13"/>
        <line num="45" type="stmt" count="13"/>
        <line num="46" type="stmt" count="13"/>
        <line num="47" type="stmt" count="13"/>
        <line num="48" type="stmt" count="13"/>
        <line num="49" type="stmt" count="13"/>
        <line num="51" type="stmt" count="13"/>
        <line num="53" type="stmt" count="11"/>
        <line num="55" type="stmt" count="13"/>
        <line num="57" type="stmt" count="13"/>
        <line num="68" type="method" name="fetchLastInCollection" crap="4.20" count="1"/>
        <line num="70" type="stmt" count="1"/>
        <line num="71" type="stmt" count="1"/>
        <line num="73" type="stmt" count="1"/>
        <line num="74" type="stmt" count="1"/>
        <line num="76" type="stmt" count="1"/>
        <line num="77" type="stmt" count="1"/>
        <line num="78" type="stmt" count="1"/>
        <line num="79" type="stmt" count="1"/>
        <line num="80" type="stmt" count="1"/>
        <line num="82" type="stmt" count="1"/>
        <line num="84" type="stmt" count="0"/>
        <line num="86" type="stmt" count="0"/>
        <line num="88" type="stmt" count="0"/>
        <line num="99" type="method" name="fetchIncrement" crap="2" count="4"/>
        <line num="101" type="stmt" count="4"/>
        <line num="102" type="stmt" count="1"/>
        <line num="105" type="stmt" count="3"/>
        <line num="106" type="stmt" count="3"/>
        <line num="108" type="stmt" count="3"/>
        <line num="109" type="stmt" count="3"/>
        <line num="111" type="stmt" count="3"/>
        <line num="119" type="method" name="setLimit" crap="1" count="9"/>
        <line num="121" type="stmt" count="9"/>
        <line num="122" type="stmt" count="9"/>
        <line num="124" type="method" name="getCountFromHeader" crap="1" count="1"/>
        <line num="126" type="stmt" count="1"/>
        <line num="136" type="method" name="validate" crap="3" count="19"/>
        <line num="138" type="stmt" count="19"/>
        <line num="140" type="stmt" count="19"/>
        <line num="141" type="stmt" count="2"/>
        <line num="144" type="stmt" count="17"/>
        <line num="150" type="method" name="reset" crap="1" count="17"/>
        <line num="152" type="stmt" count="17"/>
        <line num="153" type="stmt" count="17"/>
        <line num="154" type="stmt" count="17"/>
        <line num="155" type="stmt" count="17"/>
        <metrics loc="156" ncloc="97" classes="1" methods="7" coveredmethods="6" conditionals="0" coveredconditionals="0" statements="45" coveredstatements="42" elements="52" coveredelements="48"/>
      </file>
    </package>
    <file name="/Applications/MAMP/htdocs/ResourceFrameworkInternal/Iform/Resources/Contracts/BatchCommandMapper.php">
      <metrics loc="19" ncloc="7" classes="0" methods="0" coveredmethods="0" conditionals="0" coveredconditionals="0" statements="0" coveredstatements="0" elements="0" coveredelements="0"/>
    </file>
    <file name="/Applications/MAMP/htdocs/ResourceFrameworkInternal/Iform/Resources/Contracts/BatchQueryMapper.php">
      <metrics loc="17" ncloc="7" classes="0" methods="0" coveredmethods="0" conditionals="0" coveredconditionals="0" statements="0" coveredstatements="0" elements="0" coveredelements="0"/>
    </file>
    <file name="/Applications/MAMP/htdocs/ResourceFrameworkInternal/Iform/Resources/Contracts/Mapping.php">
      <metrics loc="60" ncloc="16" classes="0" methods="0" coveredmethods="0" conditionals="0" coveredconditionals="0" statements="0" coveredstatements="0" elements="0" coveredelements="0"/>
    </file>
    <package name="Iform\Resources\Element">
      <file name="/Applications/MAMP/htdocs/ResourceFrameworkInternal/Iform/Resources/Element/Elements.php">
        <class name="Elements" namespace="Iform\Resources\Element">
          <metrics methods="9" coveredmethods="7" conditionals="0" coveredconditionals="0" statements="25" coveredstatements="22" elements="34" coveredelements="29"/>
        </class>
        <line num="13" type="method" name="__construct" crap="2" count="23"/>
        <line num="15" type="stmt" count="23"/>
        <line num="16" type="stmt" count="23"/>
        <line num="17" type="stmt" count="23"/>
        <line num="19" type="stmt" count="23"/>
        <line num="20" type="stmt" count="23"/>
        <line num="27" type="method" name="reset" crap="2.15" count="1"/>
        <line num="29" type="stmt" count="1"/>
        <line num="30" type="stmt" count="0"/>
        <line num="31" type="stmt" count="0"/>
        <line num="32" type="stmt" count="1"/>
        <line num="33" type="stmt" count="1"/>
        <line num="34" type="stmt" count="1"/>
        <line num="36" type="method" name="localizations" crap="1" count="5"/>
        <line num="38" type="stmt" count="5"/>
        <line num="40" type="stmt" count="5"/>
        <line num="43" type="method" name="getAllFields" crap="2" count="0"/>
        <line num="45" type="stmt" count="0"/>
        <line num="53" type="method" name="updateAll" crap="1" count="3"/>
        <line num="55" type="stmt" count="3"/>
        <line num="57" type="stmt" count="2"/>
        <line num="65" type="method" name="deleteAll" crap="1" count="1"/>
        <line num="67" type="stmt" count="1"/>
        <line num="69" type="stmt" count="1"/>
        <line num="72" type="method" name="setGateway" crap="1" count="23"/>
        <line num="74" type="stmt" count="23"/>
        <line num="75" type="stmt" count="23"/>
        <line num="77" type="method" name="setBaseUrl" crap="1" count="24"/>
        <line num="79" type="stmt" count="24"/>
        <line num="80" type="stmt" count="24"/>
        <line num="81" type="stmt" count="24"/>
        <line num="83" type="method" name="__destruct" crap="1" count="22"/>
        <line num="85" type="stmt" count="22"/>
        <line num="86" type="stmt" count="22"/>
        <metrics loc="87" ncloc="70" classes="1" methods="9" coveredmethods="7" conditionals="0" coveredconditionals="0" statements="25" coveredstatements="22" elements="34" coveredelements="29"/>
      </file>
    </package>
    <package name="Iform\Resources">
      <file name="/Applications/MAMP/htdocs/ResourceFrameworkInternal/Iform/Resources/IformResource.php">
        <class name="IformResource" namespace="Iform\Resources" fullPackage="ResourceFramework" package="ResourceFramework">
          <metrics methods="14" coveredmethods="11" conditionals="0" coveredconditionals="0" statements="41" coveredstatements="37" elements="55" coveredelements="48"/>
        </class>
        <line num="42" type="method" name="getHandler" crap="2" count="7"/>
        <line num="44" type="stmt" count="7"/>
        <line num="45" type="stmt" count="1"/>
        <line num="46" type="stmt" count="1"/>
        <line num="48" type="stmt" count="7"/>
        <line num="51" type="method" name="acquireObject" crap="5" count="8"/>
        <line num="53" type="stmt" count="8"/>
        <line num="54" type="stmt" count="7"/>
        <line num="55" type="stmt" count="7"/>
        <line num="56" type="stmt" count="3"/>
        <line num="60" type="stmt" count="3"/>
        <line num="61" type="stmt" count="4"/>
        <line num="63" type="stmt" count="7"/>
        <line num="64" type="stmt" count="1"/>
        <line num="65" type="stmt" count="1"/>
        <line num="66" type="stmt" count="1"/>
        <line num="67" type="stmt" count="1"/>
        <line num="68" type="stmt" count="1"/>
        <line num="70" type="stmt" count="1"/>
        <line num="73" type="stmt" count="8"/>
        <line num="76" type="method" name="releaseObject" crap="2" count="0"/>
        <line num="78" type="stmt" count="0"/>
        <line num="79" type="stmt" count="0"/>
        <line num="86" type="method" name="pages" crap="1" count="2"/>
        <line num="88" type="stmt" count="2"/>
        <line num="90" type="stmt" count="2"/>
        <line num="93" type="method" name="records" crap="1" count="1"/>
        <line num="95" type="stmt" count="1"/>
        <line num="97" type="stmt" count="1"/>
        <line num="100" type="method" name="optionLists" crap="1" count="1"/>
        <line num="102" type="stmt" count="1"/>
        <line num="104" type="stmt" count="1"/>
        <line num="107" type="method" name="options" crap="1" count="1"/>
        <line num="109" type="stmt" count="1"/>
        <line num="111" type="stmt" count="1"/>
        <line num="114" type="method" name="users" crap="1" count="1"/>
        <line num="116" type="stmt" count="1"/>
        <line num="118" type="stmt" count="1"/>
        <line num="121" type="method" name="profile" crap="1" count="1"/>
        <line num="123" type="stmt" count="1"/>
        <line num="125" type="stmt" count="1"/>
        <line num="128" type="method" name="elements" crap="1" count="2"/>
        <line num="130" type="stmt" count="2"/>
        <line num="132" type="stmt" count="2"/>
        <line num="140" type="method" name="getInstance" crap="2" count="8"/>
        <line num="142" type="stmt" count="8"/>
        <line num="143" type="stmt" count="1"/>
        <line num="144" type="stmt" count="1"/>
        <line num="145" type="stmt" count="8"/>
        <line num="151" type="method" name="__construct" crap="1" count="1"/>
        <line num="153" type="stmt" count="1"/>
        <line num="161" type="method" name="__clone" crap="2" count="0"/>
        <line num="163" type="stmt" count="0"/>
        <line num="171" type="method" name="__wakeup" crap="2" count="0"/>
        <line num="173" type="stmt" count="0"/>
        <metrics loc="175" ncloc="120" classes="1" methods="14" coveredmethods="11" conditionals="0" coveredconditionals="0" statements="41" coveredstatements="37" elements="55" coveredelements="48"/>
      </file>
    </package>
    <package name="Iform\Resources\OptionList">
      <file name="/Applications/MAMP/htdocs/ResourceFrameworkInternal/Iform/Resources/OptionList/OptionLists.php">
        <class name="OptionLists" namespace="Iform\Resources\OptionList">
          <metrics methods="6" coveredmethods="4" conditionals="0" coveredconditionals="0" statements="19" coveredstatements="12" elements="25" coveredelements="16"/>
        </class>
        <line num="11" type="method" name="__construct" crap="2" count="8"/>
        <line num="13" type="stmt" count="8"/>
        <line num="14" type="stmt" count="8"/>
        <line num="15" type="stmt" count="8"/>
        <line num="17" type="stmt" count="8"/>
        <line num="18" type="stmt" count="8"/>
        <line num="25" type="method" name="reset" crap="6" count="0"/>
        <line num="27" type="stmt" count="0"/>
        <line num="28" type="stmt" count="0"/>
        <line num="29" type="stmt" count="0"/>
        <line num="30" type="stmt" count="0"/>
        <line num="31" type="stmt" count="0"/>
        <line num="32" type="stmt" count="0"/>
        <line num="34" type="method" name="getAllFields" crap="2" count="0"/>
        <line num="36" type="stmt" count="0"/>
        <line num="45" type="method" name="setBaseUrl" crap="1" count="8"/>
        <line num="47" type="stmt" count="8"/>
        <line num="48" type="stmt" count="8"/>
        <line num="49" type="stmt" count="8"/>
        <line num="58" type="method" name="setGateway" crap="1" count="8"/>
        <line num="60" type="stmt" count="8"/>
        <line num="61" type="stmt" count="8"/>
        <line num="63" type="method" name="__destruct" crap="1" count="7"/>
        <line num="65" type="stmt" count="7"/>
        <line num="66" type="stmt" count="7"/>
        <metrics loc="67" ncloc="46" classes="1" methods="6" coveredmethods="4" conditionals="0" coveredconditionals="0" statements="19" coveredstatements="12" elements="25" coveredelements="16"/>
      </file>
      <file name="/Applications/MAMP/htdocs/ResourceFrameworkInternal/Iform/Resources/OptionList/Options.php">
        <class name="Options" namespace="Iform\Resources\OptionList">
          <metrics methods="8" coveredmethods="6" conditionals="0" coveredconditionals="0" statements="24" coveredstatements="17" elements="32" coveredelements="23"/>
        </class>
        <line num="12" type="method" name="__construct" crap="2" count="9"/>
        <line num="14" type="stmt" count="9"/>
        <line num="15" type="stmt" count="9"/>
        <line num="16" type="stmt" count="9"/>
        <line num="18" type="stmt" count="9"/>
        <line num="19" type="stmt" count="9"/>
        <line num="20" type="stmt" count="9"/>
        <line num="27" type="method" name="reset" crap="6" count="0"/>
        <line num="29" type="stmt" count="0"/>
        <line num="30" type="stmt" count="0"/>
        <line num="31" type="stmt" count="0"/>
        <line num="32" type="stmt" count="0"/>
        <line num="33" type="stmt" count="0"/>
        <line num="34" type="stmt" count="0"/>
        <line num="36" type="method" name="updateAll" crap="1" count="1"/>
        <line num="38" type="stmt" count="1"/>
        <line num="40" type="stmt" count="1"/>
        <line num="43" type="method" name="deleteAll" crap="1" count="2"/>
        <line num="45" type="stmt" count="2"/>
        <line num="47" type="stmt" count="2"/>
        <line num="50" type="method" name="getAllFields" crap="2" count="0"/>
        <line num="52" type="stmt" count="0"/>
        <line num="62" type="method" name="setBaseUrl" crap="1" count="9"/>
        <line num="64" type="stmt" count="9"/>
        <line num="65" type="stmt" count="9"/>
        <line num="66" type="stmt" count="9"/>
        <line num="75" type="method" name="setGateway" crap="1" count="9"/>
        <line num="77" type="stmt" count="9"/>
        <line num="78" type="stmt" count="9"/>
        <line num="80" type="method" name="__destruct" crap="1" count="8"/>
        <line num="82" type="stmt" count="8"/>
        <line num="83" type="stmt" count="8"/>
        <metrics loc="83" ncloc="62" classes="1" methods="8" coveredmethods="6" conditionals="0" coveredconditionals="0" statements="24" coveredstatements="17" elements="32" coveredelements="23"/>
      </file>
    </package>
    <package name="Iform\Resources\Page">
      <file name="/Applications/MAMP/htdocs/ResourceFrameworkInternal/Iform/Resources/Page/PageGroup.php">
        <class name="PageGroup" namespace="Iform\Resources\Page">
          <metrics methods="7" coveredmethods="6" conditionals="0" coveredconditionals="0" statements="23" coveredstatements="17" elements="30" coveredelements="23"/>
        </class>
        <line num="16" type="method" name="__construct" crap="2" count="8"/>
        <line num="18" type="stmt" count="8"/>
        <line num="19" type="stmt" count="8"/>
        <line num="20" type="stmt" count="8"/>
        <line num="22" type="stmt" count="8"/>
        <line num="23" type="stmt" count="8"/>
        <line num="30" type="method" name="reset" crap="6" count="0"/>
        <line num="32" type="stmt" count="0"/>
        <line num="33" type="stmt" count="0"/>
        <line num="34" type="stmt" count="0"/>
        <line num="35" type="stmt" count="0"/>
        <line num="36" type="stmt" count="0"/>
        <line num="37" type="stmt" count="0"/>
        <line num="39" type="method" name="assignment" crap="1" count="1"/>
        <line num="41" type="stmt" count="1"/>
        <line num="43" type="stmt" count="1"/>
        <line num="51" type="method" name="getAllFields" crap="1" count="1"/>
        <line num="53" type="stmt" count="1"/>
        <line num="56" type="stmt" count="1"/>
        <line num="57" type="stmt" count="1"/>
        <line num="67" type="method" name="setBaseUrl" crap="1" count="8"/>
        <line num="69" type="stmt" count="8"/>
        <line num="70" type="stmt" count="8"/>
        <line num="71" type="stmt" count="8"/>
        <line num="80" type="method" name="setGateway" crap="1" count="8"/>
        <line num="82" type="stmt" count="8"/>
        <line num="83" type="stmt" count="8"/>
        <line num="85" type="method" name="__destruct" crap="1" count="8"/>
        <line num="87" type="stmt" count="8"/>
        <line num="88" type="stmt" count="8"/>
        <metrics loc="89" ncloc="58" classes="1" methods="7" coveredmethods="6" conditionals="0" coveredconditionals="0" statements="23" coveredstatements="17" elements="30" coveredelements="23"/>
      </file>
      <file name="/Applications/MAMP/htdocs/ResourceFrameworkInternal/Iform/Resources/Page/Pages.php">
        <class name="Pages" namespace="Iform\Resources\Page">
          <metrics methods="15" coveredmethods="12" conditionals="0" coveredconditionals="0" statements="47" coveredstatements="43" elements="62" coveredelements="55"/>
        </class>
        <line num="14" type="method" name="__construct" crap="2" count="24"/>
        <line num="16" type="stmt" count="24"/>
        <line num="17" type="stmt" count="24"/>
        <line num="18" type="stmt" count="24"/>
        <line num="20" type="stmt" count="24"/>
        <line num="21" type="stmt" count="24"/>
        <line num="28" type="method" name="reset" crap="2.09" count="1"/>
        <line num="30" type="stmt" count="1"/>
        <line num="31" type="stmt" count="0"/>
        <line num="32" type="stmt" count="0"/>
        <line num="34" type="stmt" count="1"/>
        <line num="35" type="stmt" count="1"/>
        <line num="36" type="stmt" count="1"/>
        <line num="37" type="stmt" count="1"/>
        <line num="39" type="method" name="setGateway" crap="1" count="24"/>
        <line num="41" type="stmt" count="24"/>
        <line num="42" type="stmt" count="24"/>
        <line num="51" type="method" name="http" crap="1" count="6"/>
        <line num="53" type="stmt" count="6"/>
        <line num="55" type="stmt" count="6"/>
        <line num="65" type="method" name="alerts" crap="1" count="4"/>
        <line num="67" type="stmt" count="4"/>
        <line num="69" type="stmt" count="4"/>
        <line num="80" type="method" name="localizations" crap="1" count="4"/>
        <line num="82" type="stmt" count="4"/>
        <line num="84" type="stmt" count="4"/>
        <line num="95" type="method" name="assignments" crap="1" count="1"/>
        <line num="97" type="stmt" count="1"/>
        <line num="99" type="stmt" count="1"/>
        <line num="107" type="method" name="getAllFields" crap="1" count="1"/>
        <line num="109" type="stmt" count="1"/>
        <line num="111" type="stmt" count="1"/>
        <line num="114" type="method" name="deleteAll" crap="2.15" count="1"/>
        <line num="116" type="stmt" count="1"/>
        <line num="117" type="stmt" count="0"/>
        <line num="120" type="stmt" count="1"/>
        <line num="123" type="method" name="updateAll" crap="3.14" count="2"/>
        <line num="125" type="stmt" count="2"/>
        <line num="126" type="stmt" count="2"/>
        <line num="127" type="stmt" count="2"/>
        <line num="130" type="stmt" count="0"/>
        <line num="138" type="method" name="isCollectionResource" crap="2" count="3"/>
        <line num="140" type="stmt" count="3"/>
        <line num="141" type="stmt" count="3"/>
        <line num="142" type="method" name="anonymous function" crap="1" count="3"/>
        <line num="143" type="stmt" count="3"/>
        <line num="144" type="stmt" count="3"/>
        <line num="145" type="stmt" count="3"/>
        <line num="147" type="stmt" count="3"/>
        <line num="159" type="method" name="getSingleUrl" crap="5" count="20"/>
        <line num="161" type="stmt" count="20"/>
        <line num="162" type="stmt" count="20"/>
        <line num="163" type="stmt" count="20"/>
        <line num="164" type="stmt" count="11"/>
        <line num="165" type="stmt" count="2"/>
        <line num="167" type="stmt" count="9"/>
        <line num="170" type="stmt" count="20"/>
        <line num="173" type="method" name="setBaseUrl" crap="1" count="25"/>
        <line num="175" type="stmt" count="25"/>
        <line num="176" type="stmt" count="25"/>
        <line num="177" type="stmt" count="25"/>
        <line num="179" type="method" name="__destruct" crap="1" count="23"/>
        <line num="181" type="stmt" count="23"/>
        <line num="182" type="stmt" count="23"/>
        <metrics loc="182" ncloc="126" classes="1" methods="15" coveredmethods="12" conditionals="0" coveredconditionals="0" statements="49" coveredstatements="45" elements="64" coveredelements="57"/>
      </file>
    </package>
    <package name="Iform\Resources\Profile">
      <file name="/Applications/MAMP/htdocs/ResourceFrameworkInternal/Iform/Resources/Profile/Profile.php">
        <class name="Profile" namespace="Iform\Resources\Profile">
          <metrics methods="7" coveredmethods="5" conditionals="0" coveredconditionals="0" statements="20" coveredstatements="12" elements="27" coveredelements="17"/>
        </class>
        <line num="13" type="method" name="__construct" crap="2" count="6"/>
        <line num="15" type="stmt" count="6"/>
        <line num="16" type="stmt" count="6"/>
        <line num="17" type="stmt" count="6"/>
        <line num="19" type="stmt" count="6"/>
        <line num="20" type="stmt" count="6"/>
        <line num="27" type="method" name="reset" crap="6" count="0"/>
        <line num="29" type="stmt" count="0"/>
        <line num="30" type="stmt" count="0"/>
        <line num="31" type="stmt" count="0"/>
        <line num="32" type="stmt" count="0"/>
        <line num="33" type="stmt" count="0"/>
        <line num="34" type="stmt" count="0"/>
        <line num="43" type="method" name="setBaseUrl" crap="1" count="6"/>
        <line num="45" type="stmt" count="6"/>
        <line num="46" type="stmt" count="6"/>
        <line num="55" type="method" name="setGateway" crap="1" count="6"/>
        <line num="57" type="stmt" count="6"/>
        <line num="58" type="stmt" count="6"/>
        <line num="66" type="method" name="delete" crap="1" count="1"/>
        <line num="68" type="stmt" count="1"/>
        <line num="71" type="method" name="getAllFields" crap="2" count="0"/>
        <line num="73" type="stmt" count="0"/>
        <line num="75" type="stmt" count="0"/>
        <line num="78" type="method" name="__destruct" crap="1" count="5"/>
        <line num="80" type="stmt" count="5"/>
        <line num="81" type="stmt" count="5"/>
        <metrics loc="81" ncloc="54" classes="1" methods="7" coveredmethods="5" conditionals="0" coveredconditionals="0" statements="20" coveredstatements="12" elements="27" coveredelements="17"/>
      </file>
    </package>
    <package name="Iform\Resources\Record">
      <file name="/Applications/MAMP/htdocs/ResourceFrameworkInternal/Iform/Resources/Record/Records.php">
        <class name="Records" namespace="Iform\Resources\Record">
          <metrics methods="13" coveredmethods="10" conditionals="0" coveredconditionals="0" statements="49" coveredstatements="29" elements="62" coveredelements="39"/>
        </class>
        <line num="28" type="method" name="__construct" crap="2" count="17"/>
        <line num="30" type="stmt" count="17"/>
        <line num="31" type="stmt" count="17"/>
        <line num="32" type="stmt" count="17"/>
        <line num="34" type="stmt" count="17"/>
        <line num="35" type="stmt" count="17"/>
        <line num="36" type="stmt" count="17"/>
        <line num="44" type="method" name="reset" crap="6" count="0"/>
        <line num="46" type="stmt" count="0"/>
        <line num="47" type="stmt" count="0"/>
        <line num="48" type="stmt" count="0"/>
        <line num="50" type="stmt" count="0"/>
        <line num="51" type="stmt" count="0"/>
        <line num="53" type="stmt" count="0"/>
        <line num="54" type="stmt" count="0"/>
        <line num="55" type="stmt" count="0"/>
        <line num="64" type="method" name="setBaseUrl" crap="1" count="17"/>
        <line num="66" type="stmt" count="17"/>
        <line num="67" type="stmt" count="17"/>
        <line num="68" type="stmt" count="17"/>
        <line num="77" type="method" name="setGateway" crap="1" count="17"/>
        <line num="79" type="stmt" count="17"/>
        <line num="80" type="stmt" count="17"/>
        <line num="87" type="method" name="getAllFields" crap="12" count="0"/>
        <line num="89" type="stmt" count="0"/>
        <line num="90" type="stmt" count="0"/>
        <line num="91" type="stmt" count="0"/>
        <line num="92" type="stmt" count="0"/>
        <line num="94" type="stmt" count="0"/>
        <line num="95" type="stmt" count="0"/>
        <line num="96" type="stmt" count="0"/>
        <line num="97" type="stmt" count="0"/>
        <line num="98" type="stmt" count="0"/>
        <line num="100" type="stmt" count="0"/>
        <line num="108" type="method" name="notCollectedType" crap="2" count="0"/>
        <line num="110" type="stmt" count="0"/>
        <line num="112" type="stmt" count="0"/>
        <line num="124" type="method" name="fetchAll" crap="1" count="5"/>
        <line num="126" type="stmt" count="5"/>
        <line num="128" type="stmt" count="4"/>
        <line num="131" type="method" name="validateFetchRequest" crap="3" count="5"/>
        <line num="133" type="stmt" count="5"/>
        <line num="134" type="stmt" count="1"/>
        <line num="136" type="stmt" count="4"/>
        <line num="148" type="method" name="update" crap="2" count="2"/>
        <line num="150" type="stmt" count="2"/>
        <line num="151" type="stmt" count="1"/>
        <line num="154" type="stmt" count="1"/>
        <line num="163" type="method" name="updateAll" crap="2" count="2"/>
        <line num="165" type="stmt" count="2"/>
        <line num="166" type="stmt" count="1"/>
        <line num="169" type="stmt" count="1"/>
        <line num="171" type="stmt" count="1"/>
        <line num="179" type="method" name="deleteAll" crap="1" count="2"/>
        <line num="181" type="stmt" count="2"/>
        <line num="183" type="stmt" count="2"/>
        <line num="186" type="method" name="assignments" crap="1" count="3"/>
        <line num="188" type="stmt" count="3"/>
        <line num="190" type="stmt" count="3"/>
        <line num="193" type="method" name="__destruct" crap="1" count="16"/>
        <line num="195" type="stmt" count="16"/>
        <line num="196" type="stmt" count="16"/>
        <metrics loc="196" ncloc="129" classes="1" methods="13" coveredmethods="10" conditionals="0" coveredconditionals="0" statements="49" coveredstatements="29" elements="62" coveredelements="39"/>
      </file>
    </package>
    <package name="Iform\Resources\User">
      <file name="/Applications/MAMP/htdocs/ResourceFrameworkInternal/Iform/Resources/User/UserGroup.php">
        <class name="UserGroup" namespace="Iform\Resources\User">
          <metrics methods="6" coveredmethods="4" conditionals="0" coveredconditionals="0" statements="21" coveredstatements="12" elements="27" coveredelements="16"/>
        </class>
        <line num="15" type="method" name="__construct" crap="2" count="7"/>
        <line num="17" type="stmt" count="7"/>
        <line num="18" type="stmt" count="7"/>
        <line num="19" type="stmt" count="7"/>
        <line num="21" type="stmt" count="7"/>
        <line num="22" type="stmt" count="7"/>
        <line num="29" type="method" name="reset" crap="6" count="0"/>
        <line num="31" type="stmt" count="0"/>
        <line num="32" type="stmt" count="0"/>
        <line num="33" type="stmt" count="0"/>
        <line num="34" type="stmt" count="0"/>
        <line num="35" type="stmt" count="0"/>
        <line num="36" type="stmt" count="0"/>
        <line num="43" type="method" name="getAllFields" crap="2" count="0"/>
        <line num="45" type="stmt" count="0"/>
        <line num="48" type="stmt" count="0"/>
        <line num="49" type="stmt" count="0"/>
        <line num="59" type="method" name="setBaseUrl" crap="1" count="7"/>
        <line num="61" type="stmt" count="7"/>
        <line num="62" type="stmt" count="7"/>
        <line num="63" type="stmt" count="7"/>
        <line num="72" type="method" name="setGateway" crap="1" count="7"/>
        <line num="74" type="stmt" count="7"/>
        <line num="75" type="stmt" count="7"/>
        <line num="77" type="method" name="__destruct" crap="1" count="7"/>
        <line num="79" type="stmt" count="7"/>
        <line num="80" type="stmt" count="7"/>
        <metrics loc="81" ncloc="51" classes="1" methods="6" coveredmethods="4" conditionals="0" coveredconditionals="0" statements="21" coveredstatements="12" elements="27" coveredelements="16"/>
      </file>
      <file name="/Applications/MAMP/htdocs/ResourceFrameworkInternal/Iform/Resources/User/Users.php">
        <class name="Users" namespace="Iform\Resources\User">
          <metrics methods="10" coveredmethods="9" conditionals="0" coveredconditionals="0" statements="37" coveredstatements="31" elements="47" coveredelements="40"/>
        </class>
        <line num="36" type="method" name="__construct" crap="2" count="18"/>
        <line num="38" type="stmt" count="18"/>
        <line num="39" type="stmt" count="18"/>
        <line num="40" type="stmt" count="18"/>
        <line num="42" type="stmt" count="18"/>
        <line num="43" type="stmt" count="18"/>
        <line num="50" type="method" name="reset" crap="6" count="0"/>
        <line num="52" type="stmt" count="0"/>
        <line num="53" type="stmt" count="0"/>
        <line num="54" type="stmt" count="0"/>
        <line num="55" type="stmt" count="0"/>
        <line num="56" type="stmt" count="0"/>
        <line num="57" type="stmt" count="0"/>
        <line num="59" type="method" name="pageAssignment" crap="1" count="2"/>
        <line num="61" type="stmt" count="2"/>
        <line num="63" type="stmt" count="2"/>
        <line num="66" type="method" name="recordAssignment" crap="1" count="4"/>
        <line num="68" type="stmt" count="4"/>
        <line num="70" type="stmt" count="4"/>
        <line num="73" type="method" name="getAllFields" crap="4" count="3"/>
        <line num="75" type="stmt" count="3"/>
        <line num="76" type="stmt" count="3"/>
        <line num="77" type="stmt" count="3"/>
        <line num="78" type="stmt" count="2"/>
        <line num="79" type="stmt" count="1"/>
        <line num="80" type="stmt" count="2"/>
        <line num="81" type="stmt" count="1"/>
        <line num="82" type="stmt" count="1"/>
        <line num="83" type="stmt" count="2"/>
        <line num="84" type="stmt" count="1"/>
        <line num="87" type="stmt" count="3"/>
        <line num="97" type="method" name="updateAll" crap="1" count="2"/>
        <line num="99" type="stmt" count="2"/>
        <line num="101" type="stmt" count="2"/>
        <line num="111" type="method" name="deleteAll" crap="1" count="2"/>
        <line num="113" type="stmt" count="2"/>
        <line num="115" type="stmt" count="2"/>
        <line num="125" type="method" name="setBaseUrl" crap="1" count="18"/>
        <line num="127" type="stmt" count="18"/>
        <line num="128" type="stmt" count="18"/>
        <line num="129" type="stmt" count="18"/>
        <line num="138" type="method" name="setGateway" crap="1" count="18"/>
        <line num="140" type="stmt" count="18"/>
        <line num="141" type="stmt" count="18"/>
        <line num="143" type="method" name="__destruct" crap="1" count="17"/>
        <line num="145" type="stmt" count="17"/>
        <line num="146" type="stmt" count="17"/>
        <metrics loc="146" ncloc="94" classes="1" methods="10" coveredmethods="9" conditionals="0" coveredconditionals="0" statements="37" coveredstatements="31" elements="47" coveredelements="40"/>
      </file>
    </package>
    <metrics files="18" loc="2054" ncloc="1408" classes="15" methods="141" coveredmethods="114" conditionals="0" coveredconditionals="0" statements="582" coveredstatements="494" elements="723" coveredelements="608"/>
  </project>
</coverage>
